/Users/zhuyingjun/deep_envs/bin/python /Users/zhuyingjun/Desktop/fengkong/ner_demo/Model/BILSTM.py
/Users/zhuyingjun/deep_envs/lib/python3.7/site-packages/tensorflow/python/framework/dtypes.py:516: FutureWarning: Passing (type, 1) or '1type' as a synonym of type is deprecated; in a future version of numpy, it will be understood as (type, (1,)) / '(1,)type'.
  _np_qint8 = np.dtype([("qint8", np.int8, 1)])
/Users/zhuyingjun/deep_envs/lib/python3.7/site-packages/tensorflow/python/framework/dtypes.py:517: FutureWarning: Passing (type, 1) or '1type' as a synonym of type is deprecated; in a future version of numpy, it will be understood as (type, (1,)) / '(1,)type'.
  _np_quint8 = np.dtype([("quint8", np.uint8, 1)])
/Users/zhuyingjun/deep_envs/lib/python3.7/site-packages/tensorflow/python/framework/dtypes.py:518: FutureWarning: Passing (type, 1) or '1type' as a synonym of type is deprecated; in a future version of numpy, it will be understood as (type, (1,)) / '(1,)type'.
  _np_qint16 = np.dtype([("qint16", np.int16, 1)])
/Users/zhuyingjun/deep_envs/lib/python3.7/site-packages/tensorflow/python/framework/dtypes.py:519: FutureWarning: Passing (type, 1) or '1type' as a synonym of type is deprecated; in a future version of numpy, it will be understood as (type, (1,)) / '(1,)type'.
  _np_quint16 = np.dtype([("quint16", np.uint16, 1)])
/Users/zhuyingjun/deep_envs/lib/python3.7/site-packages/tensorflow/python/framework/dtypes.py:520: FutureWarning: Passing (type, 1) or '1type' as a synonym of type is deprecated; in a future version of numpy, it will be understood as (type, (1,)) / '(1,)type'.
  _np_qint32 = np.dtype([("qint32", np.int32, 1)])
/Users/zhuyingjun/deep_envs/lib/python3.7/site-packages/tensorflow/python/framework/dtypes.py:525: FutureWarning: Passing (type, 1) or '1type' as a synonym of type is deprecated; in a future version of numpy, it will be understood as (type, (1,)) / '(1,)type'.
  np_resource = np.dtype([("resource", np.ubyte, 1)])
/Users/zhuyingjun/deep_envs/lib/python3.7/site-packages/tensorboard/compat/tensorflow_stub/dtypes.py:541: FutureWarning: Passing (type, 1) or '1type' as a synonym of type is deprecated; in a future version of numpy, it will be understood as (type, (1,)) / '(1,)type'.
  _np_qint8 = np.dtype([("qint8", np.int8, 1)])
/Users/zhuyingjun/deep_envs/lib/python3.7/site-packages/tensorboard/compat/tensorflow_stub/dtypes.py:542: FutureWarning: Passing (type, 1) or '1type' as a synonym of type is deprecated; in a future version of numpy, it will be understood as (type, (1,)) / '(1,)type'.
  _np_quint8 = np.dtype([("quint8", np.uint8, 1)])
/Users/zhuyingjun/deep_envs/lib/python3.7/site-packages/tensorboard/compat/tensorflow_stub/dtypes.py:543: FutureWarning: Passing (type, 1) or '1type' as a synonym of type is deprecated; in a future version of numpy, it will be understood as (type, (1,)) / '(1,)type'.
  _np_qint16 = np.dtype([("qint16", np.int16, 1)])
/Users/zhuyingjun/deep_envs/lib/python3.7/site-packages/tensorboard/compat/tensorflow_stub/dtypes.py:544: FutureWarning: Passing (type, 1) or '1type' as a synonym of type is deprecated; in a future version of numpy, it will be understood as (type, (1,)) / '(1,)type'.
  _np_quint16 = np.dtype([("quint16", np.uint16, 1)])
/Users/zhuyingjun/deep_envs/lib/python3.7/site-packages/tensorboard/compat/tensorflow_stub/dtypes.py:545: FutureWarning: Passing (type, 1) or '1type' as a synonym of type is deprecated; in a future version of numpy, it will be understood as (type, (1,)) / '(1,)type'.
  _np_qint32 = np.dtype([("qint32", np.int32, 1)])
/Users/zhuyingjun/deep_envs/lib/python3.7/site-packages/tensorboard/compat/tensorflow_stub/dtypes.py:550: FutureWarning: Passing (type, 1) or '1type' as a synonym of type is deprecated; in a future version of numpy, it will be understood as (type, (1,)) / '(1,)type'.
  np_resource = np.dtype([("resource", np.ubyte, 1)])
Using TensorFlow backend.
开始处理dev数据 
[0 0 0 ... 0 0 0]
[0 0 1 ... 1 0 0]
WARNING:tensorflow:From /Users/zhuyingjun/deep_envs/lib/python3.7/site-packages/tensorflow/python/keras/initializers.py:119: calling RandomUniform.__init__ (from tensorflow.python.ops.init_ops) with dtype is deprecated and will be removed in a future version.
Instructions for updating:
Call initializer instance with the dtype argument instead of passing it to the constructor
WARNING:tensorflow:From /Users/zhuyingjun/deep_envs/lib/python3.7/site-packages/tensorflow/python/ops/init_ops.py:1251: calling VarianceScaling.__init__ (from tensorflow.python.ops.init_ops) with dtype is deprecated and will be removed in a future version.
Instructions for updating:
Call initializer instance with the dtype argument instead of passing it to the constructor
WARNING:tensorflow:From /Users/zhuyingjun/deep_envs/lib/python3.7/site-packages/tensorflow/python/ops/init_ops.py:97: calling GlorotUniform.__init__ (from tensorflow.python.ops.init_ops) with dtype is deprecated and will be removed in a future version.
Instructions for updating:
Call initializer instance with the dtype argument instead of passing it to the constructor
WARNING:tensorflow:From /Users/zhuyingjun/deep_envs/lib/python3.7/site-packages/tensorflow/python/ops/init_ops.py:97: calling Orthogonal.__init__ (from tensorflow.python.ops.init_ops) with dtype is deprecated and will be removed in a future version.
Instructions for updating:
Call initializer instance with the dtype argument instead of passing it to the constructor
WARNING:tensorflow:From /Users/zhuyingjun/deep_envs/lib/python3.7/site-packages/tensorflow/python/ops/init_ops.py:97: calling Zeros.__init__ (from tensorflow.python.ops.init_ops) with dtype is deprecated and will be removed in a future version.
Instructions for updating:
Call initializer instance with the dtype argument instead of passing it to the constructor
Model: "sequential"
_________________________________________________________________
Layer (type)                 Output Shape              Param #   
=============================
embedding (Embedding)        (None, 128, 128)          11339392  
_________________________________________________________________
bidirectional (Bidirectional (None, 256)               263168    
_________________________________________________________________
dropout (Dropout)            (None, 256)               0         
_________________________________________________________________
dense (Dense)                (None, 2)                 514       
=============================
Total params: 11,603,074
Trainable params: 11,603,074
Non-trainable params: 0
_________________________________________________________________
Train on 4998 samples, validate on 3076 samples
WARNING:tensorflow:From /Users/zhuyingjun/deep_envs/lib/python3.7/site-packages/tensorflow/python/ops/math_grad.py:1250: add_dispatch_support.<locals>.wrapper (from tensorflow.python.ops.array_ops) is deprecated and will be removed in a future version.
Instructions for updating:
Use tf.where in 2.0, which has the same broadcast rule as np.where
2022-11-23 18:52:47.499501: I tensorflow/core/platform/cpu_feature_guard.cc:142] Your CPU supports instructions that this TensorFlow binary was not compiled to use: AVX2 FMA
Epoch 1/70
4998/4998 [============] - 32s 6ms/sample - loss: 0.6893 - acc: 0.5710 - auc: 0.5736 - recall: 0.5710 - val_loss: 0.6917 - val_acc: 0.5260 - val_auc: 0.5300 - val_recall: 0.5260
Epoch 2/70
4998/4998 [============] - 32s 6ms/sample - loss: 0.6859 - acc: 0.5780 - auc: 0.5773 - recall: 0.5780 - val_loss: 0.6915 - val_acc: 0.5260 - val_auc: 0.5435 - val_recall: 0.5260
Epoch 3/70
4998/4998 [============] - 29s 6ms/sample - loss: 0.6839 - acc: 0.5780 - auc: 0.5777 - recall: 0.5780 - val_loss: 0.6919 - val_acc: 0.5260 - val_auc: 0.5428 - val_recall: 0.5260
Epoch 4/70
4998/4998 [============] - 29s 6ms/sample - loss: 0.6825 - acc: 0.5780 - auc: 0.5789 - recall: 0.5780 - val_loss: 0.6925 - val_acc: 0.5260 - val_auc: 0.5453 - val_recall: 0.5260
Epoch 5/70
4998/4998 [============] - 29s 6ms/sample - loss: 0.6815 - acc: 0.5780 - auc: 0.5804 - recall: 0.5780 - val_loss: 0.6934 - val_acc: 0.5260 - val_auc: 0.5489 - val_recall: 0.5260
Epoch 6/70
4998/4998 [============] - 30s 6ms/sample - loss: 0.6814 - acc: 0.5780 - auc: 0.5790 - recall: 0.5780 - val_loss: 0.6936 - val_acc: 0.5260 - val_auc: 0.5495 - val_recall: 0.5260
Epoch 7/70
4998/4998 [============] - 29s 6ms/sample - loss: 0.6808 - acc: 0.5780 - auc: 0.5843 - recall: 0.5780 - val_loss: 0.6943 - val_acc: 0.5260 - val_auc: 0.5520 - val_recall: 0.5260
Epoch 8/70
4998/4998 [============] - 28s 6ms/sample - loss: 0.6806 - acc: 0.5780 - auc: 0.5863 - recall: 0.5780 - val_loss: 0.6947 - val_acc: 0.5260 - val_auc: 0.5508 - val_recall: 0.5260
Epoch 9/70
4998/4998 [============] - 29s 6ms/sample - loss: 0.6809 - acc: 0.5780 - auc: 0.5815 - recall: 0.5780 - val_loss: 0.6946 - val_acc: 0.5260 - val_auc: 0.5527 - val_recall: 0.5260
Epoch 10/70
4998/4998 [============] - 29s 6ms/sample - loss: 0.6799 - acc: 0.5780 - auc: 0.5931 - recall: 0.5780 - val_loss: 0.6949 - val_acc: 0.5260 - val_auc: 0.5535 - val_recall: 0.5260
Epoch 11/70
4998/4998 [============] - 28s 6ms/sample - loss: 0.6799 - acc: 0.5780 - auc: 0.5933 - recall: 0.5780 - val_loss: 0.6948 - val_acc: 0.5260 - val_auc: 0.5548 - val_recall: 0.5260
Epoch 12/70
4998/4998 [============] - 28s 6ms/sample - loss: 0.6801 - acc: 0.5780 - auc: 0.5918 - recall: 0.5780 - val_loss: 0.6949 - val_acc: 0.5260 - val_auc: 0.5556 - val_recall: 0.5260
Epoch 13/70
4998/4998 [============] - 28s 6ms/sample - loss: 0.6803 - acc: 0.5780 - auc: 0.5871 - recall: 0.5780 - val_loss: 0.6947 - val_acc: 0.5260 - val_auc: 0.5563 - val_recall: 0.5260
Epoch 14/70
4998/4998 [============] - 28s 6ms/sample - loss: 0.6799 - acc: 0.5780 - auc: 0.5922 - recall: 0.5780 - val_loss: 0.6948 - val_acc: 0.5260 - val_auc: 0.5561 - val_recall: 0.5260
Epoch 15/70
4998/4998 [============] - 28s 6ms/sample - loss: 0.6797 - acc: 0.5780 - auc: 0.5945 - recall: 0.5780 - val_loss: 0.6947 - val_acc: 0.5260 - val_auc: 0.5569 - val_recall: 0.5260
Epoch 16/70
4998/4998 [============] - 28s 6ms/sample - loss: 0.6797 - acc: 0.5780 - auc: 0.5956 - recall: 0.5780 - val_loss: 0.6947 - val_acc: 0.5260 - val_auc: 0.5581 - val_recall: 0.5260
Epoch 17/70
4998/4998 [============] - 29s 6ms/sample - loss: 0.6795 - acc: 0.5780 - auc: 0.5971 - recall: 0.5780 - val_loss: 0.6945 - val_acc: 0.5260 - val_auc: 0.5595 - val_recall: 0.5260
Epoch 18/70
4998/4998 [============] - 29s 6ms/sample - loss: 0.6796 - acc: 0.5780 - auc: 0.5953 - recall: 0.5780 - val_loss: 0.6943 - val_acc: 0.5260 - val_auc: 0.5583 - val_recall: 0.5260
Epoch 19/70
4998/4998 [============] - 29s 6ms/sample - loss: 0.6796 - acc: 0.5780 - auc: 0.5960 - recall: 0.5780 - val_loss: 0.6943 - val_acc: 0.5260 - val_auc: 0.5596 - val_recall: 0.5260
Epoch 20/70
4998/4998 [============] - 28s 6ms/sample - loss: 0.6789 - acc: 0.5780 - auc: 0.6029 - recall: 0.5780 - val_loss: 0.6942 - val_acc: 0.5260 - val_auc: 0.5601 - val_recall: 0.5260
Epoch 21/70
4998/4998 [============] - 29s 6ms/sample - loss: 0.6789 - acc: 0.5780 - auc: 0.6027 - recall: 0.5780 - val_loss: 0.6943 - val_acc: 0.5260 - val_auc: 0.5609 - val_recall: 0.5260
Epoch 22/70
4998/4998 [============] - 29s 6ms/sample - loss: 0.6790 - acc: 0.5780 - auc: 0.6016 - recall: 0.5780 - val_loss: 0.6939 - val_acc: 0.5260 - val_auc: 0.5610 - val_recall: 0.5260
Epoch 23/70
4998/4998 [============] - 30s 6ms/sample - loss: 0.6790 - acc: 0.5780 - auc: 0.5996 - recall: 0.5780 - val_loss: 0.6940 - val_acc: 0.5260 - val_auc: 0.5613 - val_recall: 0.5260
Epoch 24/70
4998/4998 [============] - 29s 6ms/sample - loss: 0.6782 - acc: 0.5780 - auc: 0.6062 - recall: 0.5780 - val_loss: 0.6942 - val_acc: 0.5260 - val_auc: 0.5617 - val_recall: 0.5260
Epoch 25/70
4998/4998 [============] - 29s 6ms/sample - loss: 0.6784 - acc: 0.5780 - auc: 0.6043 - recall: 0.5780 - val_loss: 0.6937 - val_acc: 0.5260 - val_auc: 0.5623 - val_recall: 0.5260
Epoch 26/70
4998/4998 [============] - 33s 7ms/sample - loss: 0.6783 - acc: 0.5780 - auc: 0.6045 - recall: 0.5780 - val_loss: 0.6934 - val_acc: 0.5260 - val_auc: 0.5630 - val_recall: 0.5260
Epoch 27/70
4998/4998 [============] - 33s 7ms/sample - loss: 0.6781 - acc: 0.5780 - auc: 0.6071 - recall: 0.5780 - val_loss: 0.6936 - val_acc: 0.5260 - val_auc: 0.5640 - val_recall: 0.5260
Epoch 28/70
4998/4998 [============] - 29s 6ms/sample - loss: 0.6777 - acc: 0.5780 - auc: 0.6087 - recall: 0.5780 - val_loss: 0.6932 - val_acc: 0.5260 - val_auc: 0.5641 - val_recall: 0.5260
Epoch 29/70
4998/4998 [============] - 34s 7ms/sample - loss: 0.6775 - acc: 0.5780 - auc: 0.6103 - recall: 0.5780 - val_loss: 0.6931 - val_acc: 0.5260 - val_auc: 0.5632 - val_recall: 0.5260
Epoch 30/70
4998/4998 [============] - 28s 6ms/sample - loss: 0.6775 - acc: 0.5780 - auc: 0.6092 - recall: 0.5780 - val_loss: 0.6928 - val_acc: 0.5260 - val_auc: 0.5636 - val_recall: 0.5260
Epoch 31/70
4998/4998 [============] - 36s 7ms/sample - loss: 0.6770 - acc: 0.5780 - auc: 0.6125 - recall: 0.5780 - val_loss: 0.6931 - val_acc: 0.5260 - val_auc: 0.5651 - val_recall: 0.5260
Epoch 32/70
4998/4998 [============] - 31s 6ms/sample - loss: 0.6773 - acc: 0.5780 - auc: 0.6086 - recall: 0.5780 - val_loss: 0.6923 - val_acc: 0.5260 - val_auc: 0.5649 - val_recall: 0.5260
Epoch 33/70
4998/4998 [============] - 34s 7ms/sample - loss: 0.6763 - acc: 0.5780 - auc: 0.6160 - recall: 0.5780 - val_loss: 0.6922 - val_acc: 0.5260 - val_auc: 0.5657 - val_recall: 0.5260
Epoch 34/70
4998/4998 [============] - 29s 6ms/sample - loss: 0.6763 - acc: 0.5780 - auc: 0.6168 - recall: 0.5780 - val_loss: 0.6921 - val_acc: 0.5260 - val_auc: 0.5661 - val_recall: 0.5260
Epoch 35/70
4998/4998 [============] - 30s 6ms/sample - loss: 0.6757 - acc: 0.5780 - auc: 0.6180 - recall: 0.5780 - val_loss: 0.6917 - val_acc: 0.5260 - val_auc: 0.5663 - val_recall: 0.5260
Epoch 36/70
4998/4998 [============] - 30s 6ms/sample - loss: 0.6755 - acc: 0.5780 - auc: 0.6181 - recall: 0.5780 - val_loss: 0.6917 - val_acc: 0.5260 - val_auc: 0.5674 - val_recall: 0.5260
Epoch 37/70
4998/4998 [============] - 29s 6ms/sample - loss: 0.6750 - acc: 0.5780 - auc: 0.6197 - recall: 0.5780 - val_loss: 0.6916 - val_acc: 0.5260 - val_auc: 0.5673 - val_recall: 0.5260
Epoch 38/70
4998/4998 [============] - 30s 6ms/sample - loss: 0.6745 - acc: 0.5780 - auc: 0.6211 - recall: 0.5780 - val_loss: 0.6917 - val_acc: 0.5260 - val_auc: 0.5683 - val_recall: 0.5260
Epoch 39/70
4998/4998 [============] - 31s 6ms/sample - loss: 0.6741 - acc: 0.5780 - auc: 0.6223 - recall: 0.5780 - val_loss: 0.6915 - val_acc: 0.5260 - val_auc: 0.5687 - val_recall: 0.5260
Epoch 40/70
4998/4998 [============] - 29s 6ms/sample - loss: 0.6739 - acc: 0.5780 - auc: 0.6233 - recall: 0.5780 - val_loss: 0.6907 - val_acc: 0.5260 - val_auc: 0.5693 - val_recall: 0.5260
Epoch 41/70
4998/4998 [============] - 29s 6ms/sample - loss: 0.6726 - acc: 0.5780 - auc: 0.6275 - recall: 0.5780 - val_loss: 0.6903 - val_acc: 0.5260 - val_auc: 0.5698 - val_recall: 0.5260
Epoch 42/70
4998/4998 [============] - 29s 6ms/sample - loss: 0.6723 - acc: 0.5778 - auc: 0.6265 - recall: 0.5778 - val_loss: 0.6898 - val_acc: 0.5257 - val_auc: 0.5705 - val_recall: 0.5257
Epoch 43/70
4998/4998 [============] - 29s 6ms/sample - loss: 0.6714 - acc: 0.5776 - auc: 0.6298 - recall: 0.5776 - val_loss: 0.6896 - val_acc: 0.5257 - val_auc: 0.5714 - val_recall: 0.5257
Epoch 44/70
4998/4998 [============] - 29s 6ms/sample - loss: 0.6706 - acc: 0.5782 - auc: 0.6316 - recall: 0.5782 - val_loss: 0.6895 - val_acc: 0.5267 - val_auc: 0.5723 - val_recall: 0.5267
Epoch 45/70
4998/4998 [============] - 29s 6ms/sample - loss: 0.6696 - acc: 0.5784 - auc: 0.6333 - recall: 0.5784 - val_loss: 0.6889 - val_acc: 0.5286 - val_auc: 0.5736 - val_recall: 0.5286
Epoch 46/70
4998/4998 [============] - 29s 6ms/sample - loss: 0.6676 - acc: 0.5814 - auc: 0.6378 - recall: 0.5814 - val_loss: 0.6890 - val_acc: 0.5302 - val_auc: 0.5747 - val_recall: 0.5302
Epoch 47/70
4998/4998 [============] - 29s 6ms/sample - loss: 0.6661 - acc: 0.5812 - auc: 0.6399 - recall: 0.5812 - val_loss: 0.6910 - val_acc: 0.5312 - val_auc: 0.5755 - val_recall: 0.5312
Epoch 48/70
4998/4998 [============] - 29s 6ms/sample - loss: 0.6638 - acc: 0.5848 - auc: 0.6434 - recall: 0.5848 - val_loss: 0.6891 - val_acc: 0.5345 - val_auc: 0.5773 - val_recall: 0.5345
Epoch 49/70
4998/4998 [============] - 29s 6ms/sample - loss: 0.6613 - acc: 0.5898 - auc: 0.6465 - recall: 0.5898 - val_loss: 0.6891 - val_acc: 0.5436 - val_auc: 0.5789 - val_recall: 0.5436
Epoch 50/70
4998/4998 [============] - 29s 6ms/sample - loss: 0.6578 - acc: 0.5960 - auc: 0.6528 - recall: 0.5960 - val_loss: 0.6868 - val_acc: 0.5458 - val_auc: 0.5828 - val_recall: 0.5458
Epoch 51/70
4998/4998 [============] - 29s 6ms/sample - loss: 0.6580 - acc: 0.6078 - auc: 0.6591 - recall: 0.6078 - val_loss: 0.6828 - val_acc: 0.5523 - val_auc: 0.5881 - val_recall: 0.5523
Epoch 52/70
4998/4998 [============] - 29s 6ms/sample - loss: 0.6555 - acc: 0.6010 - auc: 0.6549 - recall: 0.6010 - val_loss: 0.6888 - val_acc: 0.5478 - val_auc: 0.5842 - val_recall: 0.5478
Epoch 53/70
4998/4998 [============] - 29s 6ms/sample - loss: 0.6536 - acc: 0.6006 - auc: 0.6582 - recall: 0.6006 - val_loss: 0.6859 - val_acc: 0.5510 - val_auc: 0.5875 - val_recall: 0.5510
Epoch 54/70
4998/4998 [============] - 29s 6ms/sample - loss: 0.6509 - acc: 0.6066 - auc: 0.6616 - recall: 0.6066 - val_loss: 0.6862 - val_acc: 0.5553 - val_auc: 0.5890 - val_recall: 0.5553
Epoch 55/70
4998/4998 [============] - 29s 6ms/sample - loss: 0.6500 - acc: 0.6076 - auc: 0.6644 - recall: 0.6076 - val_loss: 0.6794 - val_acc: 0.5741 - val_auc: 0.5983 - val_recall: 0.5741
Epoch 56/70
4998/4998 [============] - 28s 6ms/sample - loss: 0.6495 - acc: 0.6194 - auc: 0.6704 - recall: 0.6194 - val_loss: 0.6893 - val_acc: 0.5536 - val_auc: 0.5888 - val_recall: 0.5536
Epoch 57/70
4998/4998 [============] - 28s 6ms/sample - loss: 0.6469 - acc: 0.6148 - auc: 0.6687 - recall: 0.6148 - val_loss: 0.6879 - val_acc: 0.5582 - val_auc: 0.5914 - val_recall: 0.5582
Epoch 58/70
4998/4998 [============] - 29s 6ms/sample - loss: 0.6452 - acc: 0.6172 - auc: 0.6721 - recall: 0.6172 - val_loss: 0.6918 - val_acc: 0.5572 - val_auc: 0.5907 - val_recall: 0.5572
Epoch 59/70
4998/4998 [============] - 29s 6ms/sample - loss: 0.6431 - acc: 0.6230 - auc: 0.6756 - recall: 0.6230 - val_loss: 0.6886 - val_acc: 0.5679 - val_auc: 0.5954 - val_recall: 0.5679
Epoch 60/70
4998/4998 [============] - 29s 6ms/sample - loss: 0.6414 - acc: 0.6246 - auc: 0.6782 - recall: 0.6246 - val_loss: 0.6918 - val_acc: 0.5679 - val_auc: 0.5955 - val_recall: 0.5679
Epoch 61/70
4998/4998 [============] - 30s 6ms/sample - loss: 0.6401 - acc: 0.6281 - auc: 0.6813 - recall: 0.6281 - val_loss: 0.6945 - val_acc: 0.5673 - val_auc: 0.5952 - val_recall: 0.5673
Epoch 62/70
4998/4998 [============] - 29s 6ms/sample - loss: 0.6414 - acc: 0.6355 - auc: 0.6843 - recall: 0.6355 - val_loss: 0.6924 - val_acc: 0.5709 - val_auc: 0.5970 - val_recall: 0.5709
Epoch 63/70
4998/4998 [============] - 29s 6ms/sample - loss: 0.6368 - acc: 0.6313 - auc: 0.6870 - recall: 0.6313 - val_loss: 0.6953 - val_acc: 0.5725 - val_auc: 0.5969 - val_recall: 0.5725
Epoch 64/70
4998/4998 [============] - 29s 6ms/sample - loss: 0.6354 - acc: 0.6353 - auc: 0.6898 - recall: 0.6353 - val_loss: 0.6942 - val_acc: 0.5725 - val_auc: 0.5996 - val_recall: 0.5725
Epoch 65/70
4998/4998 [============] - 28s 6ms/sample - loss: 0.6360 - acc: 0.6373 - auc: 0.6916 - recall: 0.6373 - val_loss: 0.6910 - val_acc: 0.5774 - val_auc: 0.6008 - val_recall: 0.5774
Epoch 66/70
4998/4998 [============] - 28s 6ms/sample - loss: 0.6326 - acc: 0.6355 - auc: 0.6921 - recall: 0.6355 - val_loss: 0.7020 - val_acc: 0.5718 - val_auc: 0.5966 - val_recall: 0.5718
Epoch 67/70
4998/4998 [============] - 28s 6ms/sample - loss: 0.6310 - acc: 0.6393 - auc: 0.6949 - recall: 0.6393 - val_loss: 0.7082 - val_acc: 0.5686 - val_auc: 0.5956 - val_recall: 0.5686
Epoch 68/70
4998/4998 [============] - 28s 6ms/sample - loss: 0.6282 - acc: 0.6401 - auc: 0.6976 - recall: 0.6401 - val_loss: 0.6935 - val_acc: 0.5777 - val_auc: 0.6036 - val_recall: 0.5777
Epoch 69/70
4998/4998 [============] - 28s 6ms/sample - loss: 0.6281 - acc: 0.6453 - auc: 0.7022 - recall: 0.6453 - val_loss: 0.7131 - val_acc: 0.5692 - val_auc: 0.5963 - val_recall: 0.5692
Epoch 70/70
4998/4998 [============] - 28s 6ms/sample - loss: 0.6272 - acc: 0.6491 - auc: 0.7037 - recall: 0.6491 - val_loss: 0.7238 - val_acc: 0.5683 - val_auc: 0.5943 - val_recall: 0.5683

Process finished with exit code 0
